2013-09-02 11:07:41 Warning: Warning (2): mysql_connect() [<a href='http://php.net/function.mysql-connect'>function.mysql-connect</a>]: Can't connect to local MySQL server through socket '/var/run/mysqld/mysqld.sock' (2) in [/htdocs/public/www/actselector2/cake/libs/model/datasources/dbo/dbo_mysql.php, line 552]
2013-09-02 11:07:41 Warning: Warning (2): mysql_select_db(): supplied argument is not a valid MySQL-Link resource in [/htdocs/public/www/actselector2/cake/libs/model/datasources/dbo/dbo_mysql.php, line 558]
2013-09-02 11:07:41 Warning: Warning (2): mysql_query(): supplied argument is not a valid MySQL-Link resource in [/htdocs/public/www/actselector2/cake/libs/model/datasources/dbo/dbo_mysql.php, line 600]
2013-09-02 11:07:41 Warning: Warning (2): mysql_get_server_info(): supplied argument is not a valid MySQL-Link resource in [/htdocs/public/www/actselector2/cake/libs/model/datasources/dbo/dbo_mysql.php, line 566]
2013-09-02 11:07:41 Warning: Warning (2): Cannot modify header information - headers already sent by (output started at /htdocs/public/www/actselector2/cake/libs/debugger.php:673) in [/htdocs/public/www/actselector2/cake/libs/controller/controller.php, line 742]
2013-09-02 11:07:42 Warning: Warning (2): mysql_connect() [<a href='http://php.net/function.mysql-connect'>function.mysql-connect</a>]: Can't connect to local MySQL server through socket '/var/run/mysqld/mysqld.sock' (2) in [/htdocs/public/www/actselector2/cake/libs/model/datasources/dbo/dbo_mysql.php, line 552]
2013-09-02 11:07:42 Warning: Warning (2): mysql_select_db(): supplied argument is not a valid MySQL-Link resource in [/htdocs/public/www/actselector2/cake/libs/model/datasources/dbo/dbo_mysql.php, line 558]
2013-09-02 11:07:42 Warning: Warning (2): mysql_query(): supplied argument is not a valid MySQL-Link resource in [/htdocs/public/www/actselector2/cake/libs/model/datasources/dbo/dbo_mysql.php, line 600]
2013-09-02 11:07:42 Warning: Warning (2): mysql_get_server_info(): supplied argument is not a valid MySQL-Link resource in [/htdocs/public/www/actselector2/cake/libs/model/datasources/dbo/dbo_mysql.php, line 566]
2013-09-02 11:07:42 Warning: Warning (2): Cannot modify header information - headers already sent by (output started at /htdocs/public/www/actselector2/cake/libs/debugger.php:673) in [/htdocs/public/www/actselector2/cake/libs/controller/controller.php, line 742]
2013-10-17 13:04:35 Warning: Warning (2): Cannot modify header information - headers already sent by (output started at /htdocs/public/www/actselector2/cake/basics.php:355) in [/htdocs/public/www/actselector2/cake/libs/controller/controller.php, line 742]
2013-10-30 16:47:05 Warning: Warning (2): Cannot modify header information - headers already sent by (output started at /htdocs/public/www/actselector2/cake/libs/debugger.php:673) in [/htdocs/public/www/actselector2/cake/libs/controller/components/request_handler.php, line 759]
2013-11-12 15:15:02 Warning: Warning (2): Cannot modify header information - headers already sent by (output started at /htdocs/public/www/actselector2/cake/libs/debugger.php:673) in [/htdocs/public/www/actselector2/cake/libs/controller/components/request_handler.php, line 759]
2014-02-11 17:19:32 Warning: Warning (2): Cannot modify header information - headers already sent by (output started at /htdocs/public/www/actselector2/cake/libs/debugger.php:673) in [/htdocs/public/www/actselector2/cake/libs/controller/controller.php, line 742]
2014-02-11 17:20:18 Warning: Warning (2): Cannot modify header information - headers already sent by (output started at /htdocs/public/www/actselector2/cake/libs/debugger.php:673) in [/htdocs/public/www/actselector2/cake/libs/controller/controller.php, line 742]
2014-02-11 17:20:43 Warning: Warning (2): Cannot modify header information - headers already sent by (output started at /htdocs/public/www/actselector2/cake/libs/debugger.php:673) in [/htdocs/public/www/actselector2/cake/libs/controller/controller.php, line 742]
2014-02-11 17:23:55 Warning: Warning (2): Cannot modify header information - headers already sent by (output started at /htdocs/public/www/actselector2/cake/libs/debugger.php:673) in [/htdocs/public/www/actselector2/cake/libs/controller/controller.php, line 742]
2014-02-11 17:25:35 Warning: Warning (2): Cannot modify header information - headers already sent by (output started at /htdocs/public/www/actselector2/cake/libs/debugger.php:673) in [/htdocs/public/www/actselector2/cake/libs/controller/controller.php, line 742]
2014-02-11 17:25:35 Warning: Warning (2): Cannot modify header information - headers already sent by (output started at /htdocs/public/www/actselector2/cake/libs/debugger.php:673) in [/htdocs/public/www/actselector2/cake/libs/controller/controller.php, line 742]
2014-02-11 17:29:00 Warning: Warning (2): Cannot modify header information - headers already sent by (output started at /htdocs/public/www/actselector2/cake/libs/debugger.php:673) in [/htdocs/public/www/actselector2/cake/libs/controller/controller.php, line 742]
2014-02-18 10:26:03 Warning: Warning (2): Cannot modify header information - headers already sent by (output started at /htdocs/public/www/actselector2/cake/libs/debugger.php:673) in [/htdocs/public/www/actselector2/cake/libs/controller/controller.php, line 742]
2014-02-18 10:27:09 Warning: Warning (2): Cannot modify header information - headers already sent by (output started at /htdocs/public/www/actselector2/cake/libs/debugger.php:673) in [/htdocs/public/www/actselector2/cake/libs/controller/controller.php, line 742]
2014-03-12 05:10:28 Warning: Warning (2): mysql_connect() [<a href='http://php.net/function.mysql-connect'>function.mysql-connect</a>]: Can't connect to MySQL server on 'hostingmysql220.register.it' (4) in [/htdocs/public/www/actselector/cake/libs/model/datasources/dbo/dbo_mysql.php, line 552]
2014-03-12 05:10:28 Warning: Warning (2): mysql_select_db(): supplied argument is not a valid MySQL-Link resource in [/htdocs/public/www/actselector/cake/libs/model/datasources/dbo/dbo_mysql.php, line 558]
2014-03-12 05:10:28 Warning: Warning (2): mysql_query(): supplied argument is not a valid MySQL-Link resource in [/htdocs/public/www/actselector/cake/libs/model/datasources/dbo/dbo_mysql.php, line 600]
2014-03-12 05:10:28 Warning: Warning (2): mysql_get_server_info(): supplied argument is not a valid MySQL-Link resource in [/htdocs/public/www/actselector/cake/libs/model/datasources/dbo/dbo_mysql.php, line 566]
2014-03-12 05:10:28 Warning: Warning (2): Cannot modify header information - headers already sent by (output started at /htdocs/public/www/actselector/cake/libs/debugger.php:673) in [/htdocs/public/www/actselector/cake/libs/controller/controller.php, line 742]
2014-03-12 05:10:51 Warning: Warning (2): mysql_connect() [<a href='http://php.net/function.mysql-connect'>function.mysql-connect</a>]: Can't connect to MySQL server on 'hostingmysql220.register.it' (4) in [/htdocs/public/www/actselector/cake/libs/model/datasources/dbo/dbo_mysql.php, line 552]
2014-03-12 05:10:51 Warning: Warning (2): mysql_select_db(): supplied argument is not a valid MySQL-Link resource in [/htdocs/public/www/actselector/cake/libs/model/datasources/dbo/dbo_mysql.php, line 558]
2014-03-12 05:10:51 Warning: Warning (2): mysql_query(): supplied argument is not a valid MySQL-Link resource in [/htdocs/public/www/actselector/cake/libs/model/datasources/dbo/dbo_mysql.php, line 600]
2014-03-12 05:10:51 Warning: Warning (2): mysql_get_server_info(): supplied argument is not a valid MySQL-Link resource in [/htdocs/public/www/actselector/cake/libs/model/datasources/dbo/dbo_mysql.php, line 566]
2014-03-12 05:10:51 Warning: Warning (2): Cannot modify header information - headers already sent by (output started at /htdocs/public/www/actselector/cake/libs/debugger.php:673) in [/htdocs/public/www/actselector/cake/libs/controller/controller.php, line 742]
2014-03-21 03:47:58 Warning: Warning (2): mysql_connect() [<a href='http://php.net/function.mysql-connect'>function.mysql-connect</a>]: Can't connect to MySQL server on 'hostingmysql220.register.it' (4) in [/htdocs/public/www/actselector/cake/libs/model/datasources/dbo/dbo_mysql.php, line 552]
2014-03-21 03:47:58 Warning: Warning (2): mysql_select_db(): supplied argument is not a valid MySQL-Link resource in [/htdocs/public/www/actselector/cake/libs/model/datasources/dbo/dbo_mysql.php, line 558]
2014-03-21 03:47:58 Warning: Warning (2): mysql_query(): supplied argument is not a valid MySQL-Link resource in [/htdocs/public/www/actselector/cake/libs/model/datasources/dbo/dbo_mysql.php, line 600]
2014-03-21 03:47:58 Warning: Warning (2): mysql_get_server_info(): supplied argument is not a valid MySQL-Link resource in [/htdocs/public/www/actselector/cake/libs/model/datasources/dbo/dbo_mysql.php, line 566]
2014-03-21 03:47:58 Warning: Warning (2): Cannot modify header information - headers already sent by (output started at /htdocs/public/www/actselector/cake/libs/debugger.php:673) in [/htdocs/public/www/actselector/cake/libs/controller/controller.php, line 742]
2014-04-07 15:27:46 Warning: Warning (2): Cannot modify header information - headers already sent by (output started at /htdocs/public/www/actselector/cake/libs/debugger.php:673) in [/htdocs/public/www/actselector/cake/libs/controller/components/request_handler.php, line 759]
2014-04-07 15:27:46 Warning: Warning (2): Cannot modify header information - headers already sent by (output started at /htdocs/public/www/actselector/cake/libs/debugger.php:673) in [/htdocs/public/www/actselector/cake/libs/controller/components/request_handler.php, line 759]
2014-04-09 15:16:41 Warning: Warning (2): Cannot modify header information - headers already sent by (output started at /htdocs/public/www/actselector/cake/libs/debugger.php:673) in [/htdocs/public/www/actselector/cake/libs/controller/components/request_handler.php, line 759]
2014-04-17 11:13:53 Warning: Warning (2): mysql_connect() [<a href='http://php.net/function.mysql-connect'>function.mysql-connect</a>]: Lost connection to MySQL server at 'reading initial communication packet', system error: 111 in [/htdocs/public/www/actselector/cake/libs/model/datasources/dbo/dbo_mysql.php, line 552]
2014-04-17 11:13:53 Warning: Warning (2): mysql_select_db(): supplied argument is not a valid MySQL-Link resource in [/htdocs/public/www/actselector/cake/libs/model/datasources/dbo/dbo_mysql.php, line 558]
2014-04-17 11:13:53 Warning: Warning (2): mysql_query(): supplied argument is not a valid MySQL-Link resource in [/htdocs/public/www/actselector/cake/libs/model/datasources/dbo/dbo_mysql.php, line 600]
2014-04-17 11:13:53 Warning: Warning (2): mysql_get_server_info(): supplied argument is not a valid MySQL-Link resource in [/htdocs/public/www/actselector/cake/libs/model/datasources/dbo/dbo_mysql.php, line 566]
2014-04-17 11:13:53 Warning: Warning (2): Cannot modify header information - headers already sent by (output started at /htdocs/public/www/actselector/cake/libs/debugger.php:673) in [/htdocs/public/www/actselector/cake/libs/controller/controller.php, line 742]
2014-05-14 05:22:51 Warning: Warning (2): mysql_connect() [<a href='http://php.net/function.mysql-connect'>function.mysql-connect</a>]: Can't connect to MySQL server on 'hostingmysql220.register.it' (4) in [/htdocs/public/www/actselector/cake/libs/model/datasources/dbo/dbo_mysql.php, line 552]
2014-05-14 05:22:51 Warning: Warning (2): mysql_select_db(): supplied argument is not a valid MySQL-Link resource in [/htdocs/public/www/actselector/cake/libs/model/datasources/dbo/dbo_mysql.php, line 558]
2014-05-14 05:22:51 Warning: Warning (2): mysql_query(): supplied argument is not a valid MySQL-Link resource in [/htdocs/public/www/actselector/cake/libs/model/datasources/dbo/dbo_mysql.php, line 600]
2014-05-14 05:22:51 Warning: Warning (2): mysql_get_server_info(): supplied argument is not a valid MySQL-Link resource in [/htdocs/public/www/actselector/cake/libs/model/datasources/dbo/dbo_mysql.php, line 566]
2014-05-14 05:22:51 Warning: Warning (2): Cannot modify header information - headers already sent by (output started at /htdocs/public/www/actselector/cake/libs/debugger.php:673) in [/htdocs/public/www/actselector/cake/libs/controller/controller.php, line 742]
2014-05-14 05:23:00 Warning: Warning (2): mysql_connect() [<a href='http://php.net/function.mysql-connect'>function.mysql-connect</a>]: Can't connect to MySQL server on 'hostingmysql220.register.it' (4) in [/htdocs/public/www/actselector/cake/libs/model/datasources/dbo/dbo_mysql.php, line 552]
2014-05-14 05:23:00 Warning: Warning (2): mysql_select_db(): supplied argument is not a valid MySQL-Link resource in [/htdocs/public/www/actselector/cake/libs/model/datasources/dbo/dbo_mysql.php, line 558]
2014-05-14 05:23:00 Warning: Warning (2): mysql_query(): supplied argument is not a valid MySQL-Link resource in [/htdocs/public/www/actselector/cake/libs/model/datasources/dbo/dbo_mysql.php, line 600]
2014-05-14 05:23:00 Warning: Warning (2): mysql_get_server_info(): supplied argument is not a valid MySQL-Link resource in [/htdocs/public/www/actselector/cake/libs/model/datasources/dbo/dbo_mysql.php, line 566]
2014-05-14 05:23:00 Warning: Warning (2): Cannot modify header information - headers already sent by (output started at /htdocs/public/www/actselector/cake/libs/debugger.php:673) in [/htdocs/public/www/actselector/cake/libs/controller/controller.php, line 742]
2014-05-14 05:23:03 Warning: Warning (2): mysql_connect() [<a href='http://php.net/function.mysql-connect'>function.mysql-connect</a>]: Can't connect to MySQL server on 'hostingmysql220.register.it' (4) in [/htdocs/public/www/actselector/cake/libs/model/datasources/dbo/dbo_mysql.php, line 552]
2014-05-14 05:23:03 Warning: Warning (2): mysql_select_db(): supplied argument is not a valid MySQL-Link resource in [/htdocs/public/www/actselector/cake/libs/model/datasources/dbo/dbo_mysql.php, line 558]
2014-05-14 05:23:03 Warning: Warning (2): mysql_query(): supplied argument is not a valid MySQL-Link resource in [/htdocs/public/www/actselector/cake/libs/model/datasources/dbo/dbo_mysql.php, line 600]
2014-05-14 05:23:03 Warning: Warning (2): mysql_get_server_info(): supplied argument is not a valid MySQL-Link resource in [/htdocs/public/www/actselector/cake/libs/model/datasources/dbo/dbo_mysql.php, line 566]
2014-05-14 05:23:03 Warning: Warning (2): Cannot modify header information - headers already sent by (output started at /htdocs/public/www/actselector/cake/libs/debugger.php:673) in [/htdocs/public/www/actselector/cake/libs/controller/controller.php, line 742]
2014-05-14 05:23:03 Warning: Warning (2): mysql_connect() [<a href='http://php.net/function.mysql-connect'>function.mysql-connect</a>]: Can't connect to MySQL server on 'hostingmysql220.register.it' (4) in [/htdocs/public/www/actselector/cake/libs/model/datasources/dbo/dbo_mysql.php, line 552]
2014-05-14 05:23:03 Warning: Warning (2): mysql_select_db(): supplied argument is not a valid MySQL-Link resource in [/htdocs/public/www/actselector/cake/libs/model/datasources/dbo/dbo_mysql.php, line 558]
2014-05-14 05:23:03 Warning: Warning (2): mysql_query(): supplied argument is not a valid MySQL-Link resource in [/htdocs/public/www/actselector/cake/libs/model/datasources/dbo/dbo_mysql.php, line 600]
2014-05-14 05:23:03 Warning: Warning (2): mysql_get_server_info(): supplied argument is not a valid MySQL-Link resource in [/htdocs/public/www/actselector/cake/libs/model/datasources/dbo/dbo_mysql.php, line 566]
2014-05-14 05:23:03 Warning: Warning (2): Cannot modify header information - headers already sent by (output started at /htdocs/public/www/actselector/cake/libs/debugger.php:673) in [/htdocs/public/www/actselector/cake/libs/controller/controller.php, line 742]
2014-05-21 21:04:52 Warning: Warning (2): mysql_connect() [<a href='http://php.net/function.mysql-connect'>function.mysql-connect</a>]: Lost connection to MySQL server at 'reading initial communication packet', system error: 113 in [/htdocs/public/www/actselector/cake/libs/model/datasources/dbo/dbo_mysql.php, line 552]
2014-05-21 21:04:52 Warning: Warning (2): mysql_select_db(): supplied argument is not a valid MySQL-Link resource in [/htdocs/public/www/actselector/cake/libs/model/datasources/dbo/dbo_mysql.php, line 558]
2014-05-21 21:04:52 Warning: Warning (2): mysql_query(): supplied argument is not a valid MySQL-Link resource in [/htdocs/public/www/actselector/cake/libs/model/datasources/dbo/dbo_mysql.php, line 600]
2014-05-21 21:04:52 Warning: Warning (2): mysql_get_server_info(): supplied argument is not a valid MySQL-Link resource in [/htdocs/public/www/actselector/cake/libs/model/datasources/dbo/dbo_mysql.php, line 566]
2014-05-21 21:04:52 Warning: Warning (2): Cannot modify header information - headers already sent by (output started at /htdocs/public/www/actselector/cake/libs/debugger.php:673) in [/htdocs/public/www/actselector/cake/libs/controller/controller.php, line 742]
2014-05-22 10:38:30 Warning: Warning (2): mysql_connect() [<a href='http://php.net/function.mysql-connect'>function.mysql-connect</a>]: Lost connection to MySQL server at 'reading initial communication packet', system error: 113 in [/htdocs/public/www/actselector/cake/libs/model/datasources/dbo/dbo_mysql.php, line 552]
2014-05-22 10:38:30 Warning: Warning (2): mysql_select_db(): supplied argument is not a valid MySQL-Link resource in [/htdocs/public/www/actselector/cake/libs/model/datasources/dbo/dbo_mysql.php, line 558]
2014-05-22 10:38:30 Warning: Warning (2): mysql_query(): supplied argument is not a valid MySQL-Link resource in [/htdocs/public/www/actselector/cake/libs/model/datasources/dbo/dbo_mysql.php, line 600]
2014-05-22 10:38:30 Warning: Warning (2): mysql_get_server_info(): supplied argument is not a valid MySQL-Link resource in [/htdocs/public/www/actselector/cake/libs/model/datasources/dbo/dbo_mysql.php, line 566]
2014-05-22 10:38:30 Warning: Warning (2): Cannot modify header information - headers already sent by (output started at /htdocs/public/www/actselector/cake/libs/debugger.php:673) in [/htdocs/public/www/actselector/cake/libs/controller/controller.php, line 742]
2014-05-22 10:38:44 Warning: Warning (2): mysql_connect() [<a href='http://php.net/function.mysql-connect'>function.mysql-connect</a>]: Lost connection to MySQL server at 'reading initial communication packet', system error: 113 in [/htdocs/public/www/actselector/cake/libs/model/datasources/dbo/dbo_mysql.php, line 552]
2014-05-22 10:38:44 Warning: Warning (2): mysql_select_db(): supplied argument is not a valid MySQL-Link resource in [/htdocs/public/www/actselector/cake/libs/model/datasources/dbo/dbo_mysql.php, line 558]
2014-05-22 10:38:44 Warning: Warning (2): mysql_query(): supplied argument is not a valid MySQL-Link resource in [/htdocs/public/www/actselector/cake/libs/model/datasources/dbo/dbo_mysql.php, line 600]
2014-05-22 10:38:44 Warning: Warning (2): mysql_get_server_info(): supplied argument is not a valid MySQL-Link resource in [/htdocs/public/www/actselector/cake/libs/model/datasources/dbo/dbo_mysql.php, line 566]
2014-05-22 10:38:44 Warning: Warning (2): Cannot modify header information - headers already sent by (output started at /htdocs/public/www/actselector/cake/libs/debugger.php:673) in [/htdocs/public/www/actselector/cake/libs/controller/controller.php, line 742]
2014-05-22 11:29:23 Warning: Warning (2): mysql_connect() [<a href='http://php.net/function.mysql-connect'>function.mysql-connect</a>]: Lost connection to MySQL server at 'reading initial communication packet', system error: 113 in [/htdocs/public/www/actselector/cake/libs/model/datasources/dbo/dbo_mysql.php, line 552]
2014-05-22 11:29:23 Warning: Warning (2): mysql_select_db(): supplied argument is not a valid MySQL-Link resource in [/htdocs/public/www/actselector/cake/libs/model/datasources/dbo/dbo_mysql.php, line 558]
2014-05-22 11:29:23 Warning: Warning (2): mysql_query(): supplied argument is not a valid MySQL-Link resource in [/htdocs/public/www/actselector/cake/libs/model/datasources/dbo/dbo_mysql.php, line 600]
2014-05-22 11:29:23 Warning: Warning (2): mysql_get_server_info(): supplied argument is not a valid MySQL-Link resource in [/htdocs/public/www/actselector/cake/libs/model/datasources/dbo/dbo_mysql.php, line 566]
2014-05-22 11:29:23 Warning: Warning (2): Cannot modify header information - headers already sent by (output started at /htdocs/public/www/actselector/cake/libs/debugger.php:673) in [/htdocs/public/www/actselector/cake/libs/controller/controller.php, line 742]
2014-05-22 11:30:18 Warning: Warning (2): mysql_connect() [<a href='http://php.net/function.mysql-connect'>function.mysql-connect</a>]: Lost connection to MySQL server at 'reading initial communication packet', system error: 113 in [/htdocs/public/www/actselector/cake/libs/model/datasources/dbo/dbo_mysql.php, line 552]
2014-05-22 11:30:18 Warning: Warning (2): mysql_select_db(): supplied argument is not a valid MySQL-Link resource in [/htdocs/public/www/actselector/cake/libs/model/datasources/dbo/dbo_mysql.php, line 558]
2014-05-22 11:30:18 Warning: Warning (2): mysql_query(): supplied argument is not a valid MySQL-Link resource in [/htdocs/public/www/actselector/cake/libs/model/datasources/dbo/dbo_mysql.php, line 600]
2014-05-22 11:30:18 Warning: Warning (2): mysql_get_server_info(): supplied argument is not a valid MySQL-Link resource in [/htdocs/public/www/actselector/cake/libs/model/datasources/dbo/dbo_mysql.php, line 566]
2014-05-22 11:30:18 Warning: Warning (2): Cannot modify header information - headers already sent by (output started at /htdocs/public/www/actselector/cake/libs/debugger.php:673) in [/htdocs/public/www/actselector/cake/libs/controller/controller.php, line 742]
2014-05-22 12:52:22 Warning: Warning (2): mysql_connect() [<a href='http://php.net/function.mysql-connect'>function.mysql-connect</a>]: Lost connection to MySQL server at 'reading initial communication packet', system error: 113 in [/htdocs/public/www/actselector/cake/libs/model/datasources/dbo/dbo_mysql.php, line 552]
2014-05-22 12:52:22 Warning: Warning (2): mysql_select_db(): supplied argument is not a valid MySQL-Link resource in [/htdocs/public/www/actselector/cake/libs/model/datasources/dbo/dbo_mysql.php, line 558]
2014-05-22 12:52:22 Warning: Warning (2): mysql_query(): supplied argument is not a valid MySQL-Link resource in [/htdocs/public/www/actselector/cake/libs/model/datasources/dbo/dbo_mysql.php, line 600]
2014-05-22 12:52:22 Warning: Warning (2): mysql_get_server_info(): supplied argument is not a valid MySQL-Link resource in [/htdocs/public/www/actselector/cake/libs/model/datasources/dbo/dbo_mysql.php, line 566]
2014-05-22 12:52:22 Warning: Warning (2): Cannot modify header information - headers already sent by (output started at /htdocs/public/www/actselector/cake/libs/debugger.php:673) in [/htdocs/public/www/actselector/cake/libs/controller/components/request_handler.php, line 759]
2014-05-22 12:52:22 Warning: Warning (2): mysql_errno(): supplied argument is not a valid MySQL-Link resource in [/htdocs/public/www/actselector/cake/libs/model/datasources/dbo/dbo_mysql.php, line 682]
2014-05-22 12:52:22 Warning: Warning (2): Invalid argument supplied for foreach() in [/htdocs/public/www/actselector/app/controllers/public_controller.php, line 545]
2014-05-22 12:52:22 Warning: Warning (2): Invalid argument supplied for foreach() in [/htdocs/public/www/actselector/app/controllers/public_controller.php, line 1737]
2014-05-22 12:52:22 Warning: Warning (2): Invalid argument supplied for foreach() in [/htdocs/public/www/actselector/app/controllers/public_controller.php, line 1777]
2014-05-22 12:52:22 Warning: Warning (2): Invalid argument supplied for foreach() in [/htdocs/public/www/actselector/app/controllers/public_controller.php, line 1817]
2014-05-22 12:52:22 Warning: Warning (2): Invalid argument supplied for foreach() in [/htdocs/public/www/actselector/app/controllers/public_controller.php, line 1924]
2014-05-22 12:52:22 Warning: Warning (2): Invalid argument supplied for foreach() in [/htdocs/public/www/actselector/app/controllers/public_controller.php, line 1964]
2014-05-22 12:52:22 Warning: Warning (2): Invalid argument supplied for foreach() in [/htdocs/public/www/actselector/app/controllers/public_controller.php, line 2020]
2014-05-22 12:52:22 Warning: Warning (2): Invalid argument supplied for foreach() in [/htdocs/public/www/actselector/app/controllers/public_controller.php, line 2061]
2014-05-22 12:52:22 Warning: Warning (2): Invalid argument supplied for foreach() in [/htdocs/public/www/actselector/app/controllers/public_controller.php, line 2101]
2014-05-22 12:52:22 Warning: Warning (2): Invalid argument supplied for foreach() in [/htdocs/public/www/actselector/app/controllers/public_controller.php, line 2145]
2014-05-30 08:03:06 Warning: Warning (2): Cannot modify header information - headers already sent by (output started at /htdocs/public/www/actselector/cake/libs/debugger.php:673) in [/htdocs/public/www/actselector/cake/libs/controller/components/request_handler.php, line 759]
2014-06-05 16:12:59 Warning: Warning (2): Cannot modify header information - headers already sent by (output started at /htdocs/public/www/actselector/cake/libs/debugger.php:673) in [/htdocs/public/www/actselector/cake/libs/controller/components/request_handler.php, line 759]
2014-06-06 04:08:43 Warning: Warning (2): mysql_connect() [<a href='http://php.net/function.mysql-connect'>function.mysql-connect</a>]: Can't connect to MySQL server on 'hostingmysql220.register.it' (4) in [/htdocs/public/www/actselector/cake/libs/model/datasources/dbo/dbo_mysql.php, line 552]
2014-06-06 04:08:43 Warning: Warning (2): mysql_select_db(): supplied argument is not a valid MySQL-Link resource in [/htdocs/public/www/actselector/cake/libs/model/datasources/dbo/dbo_mysql.php, line 558]
2014-06-06 04:08:43 Warning: Warning (2): mysql_query(): supplied argument is not a valid MySQL-Link resource in [/htdocs/public/www/actselector/cake/libs/model/datasources/dbo/dbo_mysql.php, line 600]
2014-06-06 04:08:43 Warning: Warning (2): mysql_get_server_info(): supplied argument is not a valid MySQL-Link resource in [/htdocs/public/www/actselector/cake/libs/model/datasources/dbo/dbo_mysql.php, line 566]
2014-06-06 04:08:43 Warning: Warning (2): Cannot modify header information - headers already sent by (output started at /htdocs/public/www/actselector/cake/libs/debugger.php:673) in [/htdocs/public/www/actselector/cake/libs/controller/controller.php, line 742]
2014-06-06 04:09:34 Warning: Warning (2): mysql_connect() [<a href='http://php.net/function.mysql-connect'>function.mysql-connect</a>]: Can't connect to MySQL server on 'hostingmysql220.register.it' (4) in [/htdocs/public/www/actselector/cake/libs/model/datasources/dbo/dbo_mysql.php, line 552]
2014-06-06 04:09:34 Warning: Warning (2): mysql_select_db(): supplied argument is not a valid MySQL-Link resource in [/htdocs/public/www/actselector/cake/libs/model/datasources/dbo/dbo_mysql.php, line 558]
2014-06-06 04:09:34 Warning: Warning (2): mysql_query(): supplied argument is not a valid MySQL-Link resource in [/htdocs/public/www/actselector/cake/libs/model/datasources/dbo/dbo_mysql.php, line 600]
2014-06-06 04:09:34 Warning: Warning (2): mysql_get_server_info(): supplied argument is not a valid MySQL-Link resource in [/htdocs/public/www/actselector/cake/libs/model/datasources/dbo/dbo_mysql.php, line 566]
2014-06-06 04:09:34 Warning: Warning (2): Cannot modify header information - headers already sent by (output started at /htdocs/public/www/actselector/cake/libs/debugger.php:673) in [/htdocs/public/www/actselector/cake/libs/controller/controller.php, line 742]
2014-06-17 03:04:25 Warning: Warning (2): mysql_connect() [<a href='http://php.net/function.mysql-connect'>function.mysql-connect</a>]: Lost connection to MySQL server at 'reading initial communication packet', system error: 113 in [/htdocs/public/www/actselector/cake/libs/model/datasources/dbo/dbo_mysql.php, line 552]
2014-06-17 03:04:25 Warning: Warning (2): mysql_select_db(): supplied argument is not a valid MySQL-Link resource in [/htdocs/public/www/actselector/cake/libs/model/datasources/dbo/dbo_mysql.php, line 558]
2014-06-17 03:04:25 Warning: Warning (2): mysql_query(): supplied argument is not a valid MySQL-Link resource in [/htdocs/public/www/actselector/cake/libs/model/datasources/dbo/dbo_mysql.php, line 600]
2014-06-17 03:04:25 Warning: Warning (2): mysql_get_server_info(): supplied argument is not a valid MySQL-Link resource in [/htdocs/public/www/actselector/cake/libs/model/datasources/dbo/dbo_mysql.php, line 566]
2014-06-17 03:04:25 Warning: Warning (2): Cannot modify header information - headers already sent by (output started at /htdocs/public/www/actselector/cake/libs/debugger.php:673) in [/htdocs/public/www/actselector/cake/libs/controller/controller.php, line 742]
2014-07-23 22:39:19 Warning: Warning (2): Cannot modify header information - headers already sent by (output started at /htdocs/public/www/actselector/cake/libs/debugger.php:673) in [/htdocs/public/www/actselector/cake/libs/controller/components/request_handler.php, line 759]
2014-07-25 09:31:32 Warning: Warning (2): Cannot modify header information - headers already sent by (output started at /htdocs/public/www/actselector/cake/libs/debugger.php:673) in [/htdocs/public/www/actselector/cake/libs/controller/components/request_handler.php, line 759]
2014-09-24 19:03:35 Warning: Warning (2): Cannot modify header information - headers already sent by (output started at /htdocs/public/www/actselector/cake/libs/debugger.php:673) in [/htdocs/public/www/actselector/cake/libs/controller/components/request_handler.php, line 759]
2014-10-01 10:25:20 Warning: Warning (2): Cannot modify header information - headers already sent by (output started at /htdocs/public/www/actselector/cake/libs/debugger.php:673) in [/htdocs/public/www/actselector/cake/libs/controller/components/request_handler.php, line 759]
2014-10-01 13:31:28 Warning: Warning (2): mysql_connect() [<a href='http://php.net/function.mysql-connect'>function.mysql-connect</a>]: Can't connect to MySQL server on 'hostingmysql220.register.it' (4) in [/htdocs/public/www/actselector/cake/libs/model/datasources/dbo/dbo_mysql.php, line 552]
2014-10-01 13:31:28 Warning: Warning (2): mysql_select_db(): supplied argument is not a valid MySQL-Link resource in [/htdocs/public/www/actselector/cake/libs/model/datasources/dbo/dbo_mysql.php, line 558]
2014-10-01 13:31:28 Warning: Warning (2): mysql_query(): supplied argument is not a valid MySQL-Link resource in [/htdocs/public/www/actselector/cake/libs/model/datasources/dbo/dbo_mysql.php, line 600]
2014-10-01 13:31:28 Warning: Warning (2): mysql_get_server_info(): supplied argument is not a valid MySQL-Link resource in [/htdocs/public/www/actselector/cake/libs/model/datasources/dbo/dbo_mysql.php, line 566]
2014-10-01 13:31:28 Warning: Warning (2): Cannot modify header information - headers already sent by (output started at /htdocs/public/www/actselector/cake/libs/debugger.php:673) in [/htdocs/public/www/actselector/cake/libs/controller/controller.php, line 742]
2014-10-01 13:31:31 Warning: Warning (2): mysql_connect() [<a href='http://php.net/function.mysql-connect'>function.mysql-connect</a>]: Can't connect to MySQL server on 'hostingmysql220.register.it' (4) in [/htdocs/public/www/actselector/cake/libs/model/datasources/dbo/dbo_mysql.php, line 552]
2014-10-01 13:31:31 Warning: Warning (2): mysql_select_db(): supplied argument is not a valid MySQL-Link resource in [/htdocs/public/www/actselector/cake/libs/model/datasources/dbo/dbo_mysql.php, line 558]
2014-10-01 13:31:31 Warning: Warning (2): mysql_query(): supplied argument is not a valid MySQL-Link resource in [/htdocs/public/www/actselector/cake/libs/model/datasources/dbo/dbo_mysql.php, line 600]
2014-10-01 13:31:31 Warning: Warning (2): mysql_get_server_info(): supplied argument is not a valid MySQL-Link resource in [/htdocs/public/www/actselector/cake/libs/model/datasources/dbo/dbo_mysql.php, line 566]
2014-10-01 13:31:31 Warning: Warning (2): Cannot modify header information - headers already sent by (output started at /htdocs/public/www/actselector/cake/libs/debugger.php:673) in [/htdocs/public/www/actselector/cake/libs/controller/controller.php, line 742]
2014-10-01 13:31:34 Warning: Warning (2): mysql_connect() [<a href='http://php.net/function.mysql-connect'>function.mysql-connect</a>]: Can't connect to MySQL server on 'hostingmysql220.register.it' (4) in [/htdocs/public/www/actselector/cake/libs/model/datasources/dbo/dbo_mysql.php, line 552]
2014-10-01 13:31:34 Warning: Warning (2): mysql_select_db(): supplied argument is not a valid MySQL-Link resource in [/htdocs/public/www/actselector/cake/libs/model/datasources/dbo/dbo_mysql.php, line 558]
2014-10-01 13:31:34 Warning: Warning (2): mysql_query(): supplied argument is not a valid MySQL-Link resource in [/htdocs/public/www/actselector/cake/libs/model/datasources/dbo/dbo_mysql.php, line 600]
2014-10-01 13:31:34 Warning: Warning (2): mysql_get_server_info(): supplied argument is not a valid MySQL-Link resource in [/htdocs/public/www/actselector/cake/libs/model/datasources/dbo/dbo_mysql.php, line 566]
2014-10-01 13:31:34 Warning: Warning (2): Cannot modify header information - headers already sent by (output started at /htdocs/public/www/actselector/cake/libs/debugger.php:673) in [/htdocs/public/www/actselector/cake/libs/controller/controller.php, line 742]
2014-10-01 13:31:56 Warning: Warning (2): mysql_connect() [<a href='http://php.net/function.mysql-connect'>function.mysql-connect</a>]: Can't connect to MySQL server on 'hostingmysql220.register.it' (4) in [/htdocs/public/www/actselector/cake/libs/model/datasources/dbo/dbo_mysql.php, line 552]
2014-10-01 13:31:56 Warning: Warning (2): mysql_select_db(): supplied argument is not a valid MySQL-Link resource in [/htdocs/public/www/actselector/cake/libs/model/datasources/dbo/dbo_mysql.php, line 558]
2014-10-01 13:31:56 Warning: Warning (2): mysql_query(): supplied argument is not a valid MySQL-Link resource in [/htdocs/public/www/actselector/cake/libs/model/datasources/dbo/dbo_mysql.php, line 600]
2014-10-01 13:31:56 Warning: Warning (2): mysql_get_server_info(): supplied argument is not a valid MySQL-Link resource in [/htdocs/public/www/actselector/cake/libs/model/datasources/dbo/dbo_mysql.php, line 566]
2014-10-01 13:31:56 Warning: Warning (2): Cannot modify header information - headers already sent by (output started at /htdocs/public/www/actselector/cake/libs/debugger.php:673) in [/htdocs/public/www/actselector/cake/libs/controller/controller.php, line 742]
2014-10-01 13:32:05 Warning: Warning (2): mysql_connect() [<a href='http://php.net/function.mysql-connect'>function.mysql-connect</a>]: Can't connect to MySQL server on 'hostingmysql220.register.it' (4) in [/htdocs/public/www/actselector/cake/libs/model/datasources/dbo/dbo_mysql.php, line 552]
2014-10-01 13:32:05 Warning: Warning (2): mysql_select_db(): supplied argument is not a valid MySQL-Link resource in [/htdocs/public/www/actselector/cake/libs/model/datasources/dbo/dbo_mysql.php, line 558]
2014-10-01 13:32:05 Warning: Warning (2): mysql_query(): supplied argument is not a valid MySQL-Link resource in [/htdocs/public/www/actselector/cake/libs/model/datasources/dbo/dbo_mysql.php, line 600]
2014-10-01 13:32:05 Warning: Warning (2): mysql_get_server_info(): supplied argument is not a valid MySQL-Link resource in [/htdocs/public/www/actselector/cake/libs/model/datasources/dbo/dbo_mysql.php, line 566]
2014-10-01 13:32:05 Warning: Warning (2): Cannot modify header information - headers already sent by (output started at /htdocs/public/www/actselector/cake/libs/debugger.php:673) in [/htdocs/public/www/actselector/cake/libs/controller/controller.php, line 742]
2014-10-01 13:36:54 Warning: Warning (2): mysql_connect() [<a href='http://php.net/function.mysql-connect'>function.mysql-connect</a>]: Can't connect to MySQL server on 'hostingmysql220.register.it' (4) in [/htdocs/public/www/actselector/cake/libs/model/datasources/dbo/dbo_mysql.php, line 552]
2014-10-01 13:36:54 Warning: Warning (2): mysql_select_db(): supplied argument is not a valid MySQL-Link resource in [/htdocs/public/www/actselector/cake/libs/model/datasources/dbo/dbo_mysql.php, line 558]
2014-10-01 13:36:54 Warning: Warning (2): mysql_query(): supplied argument is not a valid MySQL-Link resource in [/htdocs/public/www/actselector/cake/libs/model/datasources/dbo/dbo_mysql.php, line 600]
2014-10-01 13:36:54 Warning: Warning (2): mysql_get_server_info(): supplied argument is not a valid MySQL-Link resource in [/htdocs/public/www/actselector/cake/libs/model/datasources/dbo/dbo_mysql.php, line 566]
2014-10-01 13:36:54 Warning: Warning (2): Cannot modify header information - headers already sent by (output started at /htdocs/public/www/actselector/cake/libs/debugger.php:673) in [/htdocs/public/www/actselector/cake/libs/controller/controller.php, line 742]
2014-10-01 13:47:44 Warning: Warning (2): mysql_connect() [<a href='http://php.net/function.mysql-connect'>function.mysql-connect</a>]: Lost connection to MySQL server at 'reading initial communication packet', system error: 113 in [/htdocs/public/www/actselector/cake/libs/model/datasources/dbo/dbo_mysql.php, line 552]
2014-10-01 13:47:44 Warning: Warning (2): mysql_select_db(): supplied argument is not a valid MySQL-Link resource in [/htdocs/public/www/actselector/cake/libs/model/datasources/dbo/dbo_mysql.php, line 558]
2014-10-01 13:47:44 Warning: Warning (2): mysql_query(): supplied argument is not a valid MySQL-Link resource in [/htdocs/public/www/actselector/cake/libs/model/datasources/dbo/dbo_mysql.php, line 600]
2014-10-01 13:47:44 Warning: Warning (2): mysql_get_server_info(): supplied argument is not a valid MySQL-Link resource in [/htdocs/public/www/actselector/cake/libs/model/datasources/dbo/dbo_mysql.php, line 566]
2014-10-01 13:47:44 Warning: Warning (2): Cannot modify header information - headers already sent by (output started at /htdocs/public/www/actselector/cake/libs/debugger.php:673) in [/htdocs/public/www/actselector/cake/libs/controller/controller.php, line 742]
2014-10-02 14:14:07 Warning: Warning (2): Cannot modify header information - headers already sent by (output started at /htdocs/public/www/actselector/cake/libs/debugger.php:673) in [/htdocs/public/www/actselector/cake/libs/controller/components/request_handler.php, line 759]
2014-10-03 14:57:55 Warning: Warning (2): Cannot modify header information - headers already sent by (output started at /htdocs/public/www/actselector/cake/libs/debugger.php:673) in [/htdocs/public/www/actselector/cake/libs/controller/components/request_handler.php, line 759]
